SF:/Users/PWINZELL/CLionProjects/bmatrix/src/lib.rs
DA:1,1
DA:27,25
DA:28,25
DA:29,25
DA:30,25
DA:31,25
DA:34,25
DA:38,25
DA:41,25
DA:42,25
DA:43,25
DA:45,25
DA:50,7
DA:52,5
DA:53,2
DA:57,3
DA:59,3
DA:60,7
DA:61,26
DA:62,76
DA:63,57
DA:65,19
DA:70,5
DA:72,2
DA:73,2
DA:74,0
DA:77,2
DA:78,2
DA:79,40
DA:80,32
DA:85,2
DA:93,233
DA:94,233
DA:95,233
DA:99,233
DA:100,233
DA:101,233
DA:103,233
DA:104,233
DA:106,466
DA:107,144
DA:109,89
DA:110,89
DA:112,233
DA:114,239
DA:115,239
DA:116,239
DA:120,239
DA:122,239
DA:123,239
DA:124,239
DA:125,239
DA:127,239
DA:129,239
DA:131,0
DA:132,0
DA:133,0
DA:134,0
DA:135,0
DA:137,0
DA:140,0
DA:142,0
DA:151,1
DA:152,1
DA:153,1
DA:159,1
DA:160,1
DA:161,1
DA:171,2
DA:172,1
DA:173,1
DA:174,1
DA:175,2
DA:178,2
DA:180,1
DA:181,11
DA:182,60
DA:183,50
DA:187,11
DA:188,60
DA:189,50
DA:190,50
DA:193,1
DA:194,2
DA:198,2
DA:200,1
DA:201,1
DA:202,1
DA:203,1
DA:204,1
DA:205,1
DA:206,1
DA:209,1
DA:211,1
DA:212,1
DA:213,1
DA:214,1
DA:215,1
DA:218,1
DA:219,1
DA:220,1
DA:221,1
DA:222,1
DA:223,1
DA:224,1
DA:225,1
DA:227,1
DA:231,4
DA:232,12
DA:233,9
DA:236,2
DA:239,2
DA:240,1
DA:241,1
DA:243,1
DA:245,1
DA:246,1
DA:247,2
DA:251,3
DA:252,1
DA:253,1
DA:255,1
DA:256,2
DA:260,2
DA:261,1
DA:262,1
DA:264,2
DA:265,1
DA:266,1
DA:268,1
DA:269,2
DA:272,2
DA:274,1
DA:275,1
DA:276,1
DA:277,1
DA:278,1
DA:279,1
DA:280,1
DA:283,1
DA:285,1
DA:286,1
DA:287,1
DA:288,1
DA:289,1
DA:292,1
DA:293,1
DA:294,1
DA:295,1
DA:296,1
DA:297,1
DA:298,1
DA:299,1
DA:301,1
DA:303,4
DA:304,12
DA:305,9
DA:308,2
DA:311,2
DA:313,1
DA:314,1
DA:315,1
DA:316,1
DA:317,1
DA:319,1
DA:320,1
DA:321,1
DA:322,1
DA:324,1
DA:325,1
DA:326,1
DA:327,1
DA:329,1
DA:330,1
DA:331,1
DA:332,1
DA:334,1
DA:335,1
DA:336,1
DA:337,1
DA:338,1
DA:340,1
DA:341,1
DA:342,1
DA:343,1
DA:345,1
DA:346,1
DA:347,1
DA:348,1
DA:350,1
DA:351,1
DA:352,1
DA:353,1
DA:355,1
DA:356,1
DA:357,1
DA:358,1
DA:359,1
DA:361,1
DA:362,1
DA:363,1
DA:364,1
DA:366,1
DA:367,1
DA:368,1
DA:369,1
DA:371,1
DA:372,1
DA:373,1
DA:374,1
DA:376,1
DA:378,5
DA:379,20
DA:380,16
DA:383,2
DA:386,2
DA:388,1
DA:390,1
DA:391,1
DA:392,1
DA:393,1
DA:395,1
DA:396,1
DA:397,1
DA:398,1
DA:400,1
DA:401,1
DA:402,1
DA:403,1
DA:405,1
DA:406,1
DA:407,1
DA:408,1
DA:410,1
DA:411,1
DA:412,1
DA:413,1
DA:414,1
DA:416,1
DA:417,1
DA:418,1
DA:419,1
DA:421,1
DA:422,1
DA:423,1
DA:424,1
DA:426,1
DA:427,1
DA:428,1
DA:429,1
DA:431,1
DA:433,1
DA:434,1
DA:435,1
DA:436,1
DA:438,1
DA:439,1
DA:440,1
DA:441,1
DA:443,1
DA:444,1
DA:445,1
DA:446,1
DA:448,1
DA:449,1
DA:450,1
DA:451,1
DA:453,1
DA:455,5
DA:456,20
DA:457,16
DA:460,2
end_of_record
